# JRE version: OpenJDK Runtime Environment (11.0.10) (build 11.0.10+0-b96-7249189)
# Java VM: OpenJDK 64-Bit Server VM (11.0.10+0-b96-7249189, mixed mode, tiered, compressed oops, g1 gc, windows-amd64)
Heap:
 garbage-first heap   total 645120K, used 139206K [0x0000000080000000, 0x0000000100000000)
  region size 1024K, 2 young (2048K), 2 survivors (2048K)
 Metaspace       used 135309K, capacity 138887K, committed 139260K, reserved 1171456K
  class space    used 16626K, capacity 17976K, committed 18048K, reserved 1048576K
GC Heap History (20 events):
Event: 7687.642 GC heap after
{Heap after GC invocations=249 (full 0):
 garbage-first heap   total 354304K, used 131965K [0x0000000080000000, 0x0000000100000000)
  region size 1024K, 3 young (3072K), 3 survivors (3072K)
 Metaspace       used 134407K, capacity 138003K, committed 138492K, reserved 1169408K
  class space    used 16565K, capacity 17914K, committed 18048K, reserved 1048576K
}
Event: 7687.857 GC heap before
{Heap before GC invocations=249 (full 0):
 garbage-first heap   total 354304K, used 145277K [0x0000000080000000, 0x0000000100000000)
  region size 1024K, 17 young (17408K), 3 survivors (3072K)
 Metaspace       used 134414K, capacity 138006K, committed 138492K, reserved 1169408K
  class space    used 16566K, capacity 17915K, committed 18048K, reserved 1048576K
}
Event: 7687.901 GC heap after
{Heap after GC invocations=250 (full 0):
 garbage-first heap   total 354304K, used 129407K [0x0000000080000000, 0x0000000100000000)
  region size 1024K, 1 young (1024K), 1 survivors (1024K)
 Metaspace       used 134414K, capacity 138006K, committed 138492K, reserved 1169408K
  class space    used 16566K, capacity 17915K, committed 18048K, reserved 1048576K
}
Event: 7688.817 GC heap before
{Heap before GC invocations=250 (full 0):
 garbage-first heap   total 354304K, used 143743K [0x0000000080000000, 0x0000000100000000)
  region size 1024K, 17 young (17408K), 1 survivors (1024K)
 Metaspace       used 134433K, capacity 138007K, committed 138492K, reserved 1169408K
  class space    used 16566K, capacity 17915K, committed 18048K, reserved 1048576K
}
Event: 7688.848 GC heap after
{Heap after GC invocations=251 (full 0):
 garbage-first heap   total 354304K, used 131986K [0x0000000080000000, 0x0000000100000000)
  region size 1024K, 3 young (3072K), 3 survivors (3072K)
 Metaspace       used 134433K, capacity 138007K, committed 138492K, reserved 1169408K
  class space    used 16566K, capacity 17915K, committed 18048K, reserved 1048576K
}
Event: 7689.826 GC heap before
{Heap before GC invocations=252 (full 0):
 garbage-first heap   total 354304K, used 166802K [0x0000000080000000, 0x0000000100000000)
  region size 1024K, 37 young (37888K), 3 survivors (3072K)
 Metaspace       used 134487K, capacity 138033K, committed 138492K, reserved 1169408K
  class space    used 16570K, capacity 17921K, committed 18048K, reserved 1048576K
}
Event: 7689.929 GC heap after
{Heap after GC invocations=253 (full 0):
 garbage-first heap   total 354304K, used 139094K [0x0000000080000000, 0x0000000100000000)
  region size 1024K, 5 young (5120K), 5 survivors (5120K)
 Metaspace       used 134487K, capacity 138033K, committed 138492K, reserved 1169408K
  class space    used 16570K, capacity 17921K, committed 18048K, reserved 1048576K
}
Event: 7690.133 GC heap before
{Heap before GC invocations=253 (full 0):
 garbage-first heap   total 354304K, used 150358K [0x0000000080000000, 0x0000000100000000)
  region size 1024K, 17 young (17408K), 5 survivors (5120K)
 Metaspace       used 134553K, capacity 138187K, committed 138492K, reserved 1169408K
  class space    used 16570K, capacity 17921K, committed 18048K, reserved 1048576K
}
Event: 7690.220 GC heap after
{Heap after GC invocations=254 (full 0):
 garbage-first heap   total 452608K, used 141421K [0x0000000080000000, 0x0000000100000000)
  region size 1024K, 3 young (3072K), 3 survivors (3072K)
 Metaspace       used 134553K, capacity 138187K, committed 138492K, reserved 1169408K
  class space    used 16570K, capacity 17921K, committed 18048K, reserved 1048576K
}
Event: 7690.848 GC heap before
{Heap before GC invocations=254 (full 0):
 garbage-first heap   total 452608K, used 160877K [0x0000000080000000, 0x0000000100000000)
  region size 1024K, 23 young (23552K), 3 survivors (3072K)
 Metaspace       used 134562K, capacity 138190K, committed 138492K, reserved 1169408K
  class space    used 16570K, capacity 17921K, committed 18048K, reserved 1048576K
}
Event: 7690.917 GC heap after
{Heap after GC invocations=255 (full 0):
 garbage-first heap   total 452608K, used 141130K [0x0000000080000000, 0x0000000100000000)
  region size 1024K, 2 young (2048K), 2 survivors (2048K)
 Metaspace       used 134562K, capacity 138190K, committed 138492K, reserved 1169408K
  class space    used 16570K, capacity 17921K, committed 18048K, reserved 1048576K
}
Event: 7710.147 GC heap before
{Heap before GC invocations=256 (full 0):
 garbage-first heap   total 452608K, used 281418K [0x0000000080000000, 0x0000000100000000)
  region size 1024K, 130 young (133120K), 2 survivors (2048K)
 Metaspace       used 134817K, capacity 138481K, committed 138748K, reserved 1169408K
  class space    used 16601K, capacity 17957K, committed 18048K, reserved 1048576K
}
Event: 7710.254 GC heap after
{Heap after GC invocations=257 (full 0):
 garbage-first heap   total 452608K, used 142937K [0x0000000080000000, 0x0000000100000000)
  region size 1024K, 5 young (5120K), 5 survivors (5120K)
 Metaspace       used 134817K, capacity 138481K, committed 138748K, reserved 1169408K
  class space    used 16601K, capacity 17957K, committed 18048K, reserved 1048576K
}
Event: 8266.731 GC heap before
{Heap before GC invocations=257 (full 0):
 garbage-first heap   total 452608K, used 170585K [0x0000000080000000, 0x0000000100000000)
  region size 1024K, 22 young (22528K), 5 survivors (5120K)
 Metaspace       used 134862K, capacity 138524K, committed 138748K, reserved 1169408K
  class space    used 16608K, capacity 17969K, committed 18048K, reserved 1048576K
}
Event: 8267.043 GC heap after
{Heap after GC invocations=258 (full 0):
 garbage-first heap   total 452608K, used 138075K [0x0000000080000000, 0x0000000100000000)
  region size 1024K, 1 young (1024K), 1 survivors (1024K)
 Metaspace       used 134862K, capacity 138524K, committed 138748K, reserved 1169408K
  class space    used 16608K, capacity 17969K, committed 18048K, reserved 1048576K
}
Event: 8374.934 GC heap before
{Heap before GC invocations=258 (full 0):
 garbage-first heap   total 452608K, used 172891K [0x0000000080000000, 0x0000000100000000)
  region size 1024K, 35 young (35840K), 1 survivors (1024K)
 Metaspace       used 134992K, capacity 138665K, committed 138748K, reserved 1169408K
  class space    used 16610K, capacity 17973K, committed 18048K, reserved 1048576K
}
Event: 8375.036 GC heap after
{Heap after GC invocations=259 (full 0):
 garbage-first heap   total 452608K, used 142041K [0x0000000080000000, 0x0000000100000000)
  region size 1024K, 5 young (5120K), 5 survivors (5120K)
 Metaspace       used 134992K, capacity 138665K, committed 138748K, reserved 1169408K
  class space    used 16610K, capacity 17973K, committed 18048K, reserved 1048576K
}
Event: 8651.305 GC heap before
{Heap before GC invocations=260 (full 0):
 garbage-first heap   total 452608K, used 331481K [0x0000000080000000, 0x0000000100000000)
  region size 1024K, 175 young (179200K), 5 survivors (5120K)
 Metaspace       used 135295K, capacity 138884K, committed 139260K, reserved 1171456K
  class space    used 16625K, capacity 17975K, committed 18048K, reserved 1048576K
}
Event: 8657.232 GC heap after
{Heap after GC invocations=261 (full 0):
 garbage-first heap   total 452608K, used 154279K [0x0000000080000000, 0x0000000100000000)
  region size 1024K, 18 young (18432K), 18 survivors (18432K)
 Metaspace       used 135295K, capacity 138884K, committed 139260K, reserved 1171456K
  class space    used 16625K, capacity 17975K, committed 18048K, reserved 1048576K
}
Event: 8666.924 GC heap before
{Heap before GC invocations=261 (full 0):
 garbage-first heap   total 452608K, used 157351K [0x0000000080000000, 0x0000000100000000)
  region size 1024K, 22 young (22528K), 18 survivors (18432K)
 Metaspace       used 135309K, capacity 138887K, committed 139260K, reserved 1171456K
  class space    used 16626K, capacity 17976K, committed 18048K, reserved 1048576K
}

